<?xml version="1.0" encoding="UTF-8"?>
<!-- Generated by org.testng.reporters.JUnitReportReporter -->
<testsuite hostname="DESKTOP-LACR91J" failures="0" tests="2" name="NewTest4" time="17.147" errors="0" timestamp="2023-04-27T15:42:49 IST" skipped="0">
  <testcase classname="NewTest4" name="Login" time="10.275"/>
  <system-out/>
  <testcase classname="NewTest4" name="Logout" time="6.872"/>
  <system-out/>
</testsuite> <!-- NewTest4 -->
