<?xml version="1.0" encoding="UTF-8"?>
<!-- Generated by org.testng.reporters.JUnitReportReporter -->
<testsuite hostname="DESKTOP-LACR91J" failures="0" tests="1" name="NewTest1" time="66.496" errors="0" timestamp="2023-04-27T12:14:29 IST" skipped="0">
  <testcase classname="NewTest1" name="TC_001" time="66.496"/>
  <system-out/>
</testsuite> <!-- NewTest1 -->
