<?xml version="1.0" encoding="UTF-8"?>
<!-- Generated by org.testng.reporters.JUnitReportReporter -->
<testsuite hostname="DESKTOP-LACR91J" failures="0" tests="4" name="NewTest2" time="0.025" errors="0" timestamp="2023-04-27T12:39:31 IST" skipped="0">
  <testcase classname="NewTest2" name="add" time="0.014"/>
  <system-out/>
  <testcase classname="NewTest2" name="sub" time="0.006"/>
  <system-out/>
  <testcase classname="NewTest2" name="multiply" time="0.004"/>
  <system-out/>
  <testcase classname="NewTest2" name="div" time="0.001"/>
  <system-out/>
</testsuite> <!-- NewTest2 -->
