<?xml version="1.0" encoding="UTF-8"?>
<!-- Generated by org.testng.reporters.JUnitReportReporter -->
<testsuite hostname="DESKTOP-LACR91J" failures="0" tests="1" name="NewTest3" time="54.955" errors="0" timestamp="2023-05-03T12:31:01 IST" skipped="0">
  <testcase classname="NewTest3" name="TC_001" time="54.955"/>
  <system-out/>
</testsuite> <!-- NewTest3 -->
